\BOOKMARK [0][-]{chapter*.1}{Agradecimientos}{}% 1
\BOOKMARK [0][-]{chapter*.2}{Resumen}{}% 2
\BOOKMARK [0][-]{chapter*.3}{Abstract}{}% 3
\BOOKMARK [0][-]{chapter*.4}{\315ndice de Contenidos}{}% 4
\BOOKMARK [0][-]{chapter*.4}{Lista de Tablas}{}% 5
\BOOKMARK [0][-]{chapter*.5}{Lista de Figuras}{}% 6
\BOOKMARK [0][-]{chapter*.7}{Glosario}{}% 7
\BOOKMARK [0][-]{chapter*.8}{Introducci\363n}{}% 8
\BOOKMARK [0][-]{chapter.1}{Definici\363n del Problema}{}% 9
\BOOKMARK [1][-]{subsection.1.0.1}{Datos a analizar}{chapter.1}% 10
\BOOKMARK [1][-]{section.1.1}{Identificaci\363n del Problema}{chapter.1}% 11
\BOOKMARK [1][-]{section.1.2}{Objetivos Generales}{chapter.1}% 12
\BOOKMARK [2][-]{subsection.1.2.1}{Objetivos Espec\355ficos}{section.1.2}% 13
\BOOKMARK [0][-]{chapter.2}{Estado del Arte}{}% 14
\BOOKMARK [0][-]{chapter.3}{Propuesta de Soluci\363n}{}% 15
\BOOKMARK [1][-]{section.3.1}{Pre-procesamiento de los datos}{chapter.3}% 16
\BOOKMARK [1][-]{section.3.2}{X-Means}{chapter.3}% 17
\BOOKMARK [2][-]{subsection.3.2.1}{Pseudoc\363digo de X-Meansmontresordecentralized}{section.3.2}% 18
\BOOKMARK [0][-]{chapter.4}{Implementaci\363n}{}% 19
\BOOKMARK [0][-]{chapter*.12}{Conclusiones}{}% 20
\BOOKMARK [0][-]{chapter*.13}{Bibliograf\355a}{}% 21
